2023-04-03 02:24:39.684855 - Initialized conversion of CBT754
2023-04-03 02:24:39.834985 - Received CBT.V504.FILE754.PDS from FILE754.XMI 
2023-04-03 02:24:39.837481 - Found $$$#DATE.txt (text/plain) in CBT.V504.FILE754.PDS, moved to PDS/$$$#DATE
2023-04-03 02:24:39.838500 - Found $CMDTABL.txt (text/plain) in CBT.V504.FILE754.PDS, moved to PDS/$CMDTABL
2023-04-03 02:24:39.839745 - Found $INSTALL.txt (text/plain) in CBT.V504.FILE754.PDS, moved to PDS/$INSTALL
2023-04-03 02:24:39.840761 - Found @FILE754.txt (text/plain) in CBT.V504.FILE754.PDS, moved to PDS/@FILE754
2023-04-03 02:24:39.842125 - Found EFQDDN.rexx (text/plain) in CBT.V504.FILE754.PDS, moved to PDS/EFQDDN
2023-04-03 02:24:39.843255 - Found EFQPT.rexx (text/plain) in CBT.V504.FILE754.PDS, moved to PDS/EFQPT
2023-04-03 02:24:39.844252 - Found EFQTAB.rexx (text/plain) in CBT.V504.FILE754.PDS, moved to PDS/EFQTAB
2023-04-03 02:24:39.845466 - Found EFQVAR.rexx (text/plain) in CBT.V504.FILE754.PDS, moved to PDS/EFQVAR
2023-04-03 02:24:39.846413 - Found EFQVAR1.rexx (text/plain) in CBT.V504.FILE754.PDS, moved to PDS/EFQVAR1
2023-04-03 02:24:39.847429 - Found THSAPPLG.txt (text/plain) in CBT.V504.FILE754.PDS, moved to PDS/THSAPPLG
2023-04-03 02:24:39.848659 - Found THSGVARS.txt (text/plain) in CBT.V504.FILE754.PDS, moved to PDS/THSGVARS
2023-04-03 02:24:39.849931 - Found THSPROFS.rexx (text/plain) in CBT.V504.FILE754.PDS, moved to PDS/THSPROFS
2023-04-03 02:24:39.851121 - Found THSQTABC.txt (text/plain) in CBT.V504.FILE754.PDS, moved to PDS/THSQTABC
2023-04-03 02:24:39.852306 - Found THSQTABD.txt (text/plain) in CBT.V504.FILE754.PDS, moved to PDS/THSQTABD
2023-04-03 02:24:39.853531 - Found THSQTABT.txt (text/plain) in CBT.V504.FILE754.PDS, moved to PDS/THSQTABT
2023-04-03 02:24:39.854631 - Found THSQTAB1.txt (text/plain) in CBT.V504.FILE754.PDS, moved to PDS/THSQTAB1
2023-04-03 02:24:39.855744 - Found THSQTAB2.txt (text/plain) in CBT.V504.FILE754.PDS, moved to PDS/THSQTAB2
2023-04-03 02:24:39.856899 - Found THSQTAB3.txt (text/plain) in CBT.V504.FILE754.PDS, moved to PDS/THSQTAB3
2023-04-03 02:24:39.857979 - Found THSQTAB4.txt (text/plain) in CBT.V504.FILE754.PDS, moved to PDS/THSQTAB4
2023-04-03 02:24:39.858950 - Found THSVARSM.txt (text/plain) in CBT.V504.FILE754.PDS, moved to PDS/THSVARSM
2023-04-03 02:24:39.860099 - Found VI2.txt (text/plain) in CBT.V504.FILE754.PDS, moved to PDS/VI2
